miniconda3 module


Exp: Mode depth - Frames 32 - epochs 20
------------------- BEST RESULT -------------------
Total Iterations: 100
Accuracy massima: 0.7386363744735718 Iterazione: 90
Time GPU: 0:00:00.000485, Time CPU: 0:00:00.006174, Loss: 0.9195, Acc: 0.7386, FLOPS: 352,224,210, Params: 8,617,726
--------------------------------------------------


Exp: Mode fwdPass - Frames 32 - epochs 20
------------------- BEST RESULT -------------------
Total Iterations: 100
Accuracy massima: 0.9053030303030303 Iterazione: 80
Time GPU: 0:00:00.000581, Time CPU: 0:00:00.117032, Loss: 1.7524, Acc: 0.9053, FLOPS: 366,342,759, Params: 7,888,348.0
--------------------------------------------------


Exp: Mode fwdPass - Frames 32 - epochs 20
------------------- BEST RESULT -------------------
Total Iterations: 100
Accuracy massima: 0.9242424242424242 Iterazione: 11
Time GPU: 0:00:00.000694, Time CPU: 0:00:00.239727, Loss: 1.7151, Acc: 0.9242, FLOPS: 660,088,101, Params: 9,545,450.0
--------------------------------------------------


Exp: Mode depth - Frames 4 - epochs 20
------------------- BEST RESULT -------------------
Total Iterations: 100
Accuracy massima: 0.7575757503509521 Iterazione: 10
Time GPU: 0:00:00.000232, Time CPU: 0:00:00.007091, Loss: 14.2991, Acc: 0.6553, FLOPS: 718,802,242, Params: 13,115,531
--------------------------------------------------


Exp: Mode fwdPass - Frames 16 - epochs 20
------------------- BEST RESULT -------------------
Total Iterations: 100
Accuracy massima: 0.9242424242424242 Iterazione: 75
Time GPU: 0:00:00.000350, Time CPU: 0:00:00.075307, Loss: 1.7680, Acc: 0.8788, FLOPS: 365,535,786, Params: 9,612,280.0
--------------------------------------------------


Exp: Mode fwdPass - Frames 8 - epochs 20
------------------- BEST RESULT -------------------
Total Iterations: 100
Accuracy massima: 0.9090909090909091 Iterazione: 101
Time GPU: 0:00:00.000164, Time CPU: 0:00:00.042449, Loss: 1.7113, Acc: 0.9091, FLOPS: 530,143,950, Params: 9,098,358.0
--------------------------------------------------


Exp: Mode depth - Frames 16 - epochs 20
------------------- BEST RESULT -------------------
Total Iterations: 100
Accuracy massima: 0.7083333134651184 Iterazione: 21
Time GPU: 0:00:00.000415, Time CPU: 0:00:00.009437, Loss: 3.2618, Acc: 0.6667, FLOPS: 631,299,231, Params: 11,451,404
--------------------------------------------------


Exp: Mode depth - Frames 64 - epochs 20
------------------- BEST RESULT -------------------
Total Iterations: 100
Accuracy massima: 0.7083333134651184 Iterazione: 88
Time GPU: 0:00:00.000522, Time CPU: 0:00:00.011577, Loss: 5.7353, Acc: 0.2765, FLOPS: 826,718,371, Params: 11,665,200
--------------------------------------------------


Exp: Mode fwdPass - Frames 4 - epochs 20
------------------- BEST RESULT -------------------
Total Iterations: 100
Accuracy massima: 0.7727272727272727 Iterazione: 76
Time GPU: 0:00:00.000115, Time CPU: 0:00:00.028270, Loss: 2.0752, Acc: 0.4811, FLOPS: 618,502,054, Params: 10,317,056.0
--------------------------------------------------


Exp: Mode fwdPass - Frames 64 - epochs 20
------------------- BEST RESULT -------------------
Total Iterations: 100
Accuracy massima: 0.9204545454545454 Iterazione: 60
Time GPU: 0:00:00.001147, Time CPU: 0:00:00.244597, Loss: 1.8456, Acc: 0.7917, FLOPS: 294,843,409, Params: 8,637,138.0
--------------------------------------------------


Exp: Mode depth - Frames 8 - epochs 20
------------------- BEST RESULT -------------------
Total Iterations: 100
Accuracy massima: 0.7424242496490479 Iterazione: 81
Time GPU: 0:00:00.000242, Time CPU: 0:00:00.009493, Loss: 5.8295, Acc: 0.3258, FLOPS: 720,870,405, Params: 12,987,326
--------------------------------------------------
